<?xml version="1.0" encoding="UTF-8"?>
<!-- Generated by org.testng.reporters.JUnitXMLReporter -->
<testsuite hostname="L-000855" name="Default test" tests="1" failures="0" timestamp="15 Aug 2016 08:12:29 GMT" time="0.147" errors="0">
  <testcase name="@BeforeClass beforeClass" time="0.0" classname="test.login.CheckBoxFunctionality">
    <failure type="java.lang.IllegalStateException" message="The driver executable does not exist: C:\Users\milutin.ilic\workspace\test\lib\chromedriver.exe">
      <![CDATA[java.lang.IllegalStateException: The driver executable does not exist: C:\Users\milutin.ilic\workspace\test\lib\chromedriver.exe
	at com.google.common.base.Preconditions.checkState(Preconditions.java:199)
	at org.openqa.selenium.remote.service.DriverService.checkExecutable(DriverService.java:121)
	at org.openqa.selenium.remote.service.DriverService.findExecutable(DriverService.java:116)
	at org.openqa.selenium.chrome.ChromeDriverService.access$0(ChromeDriverService.java:1)
	at org.openqa.selenium.chrome.ChromeDriverService$Builder.findDefaultExecutable(ChromeDriverService.java:137)
	at org.openqa.selenium.remote.service.DriverService$Builder.build(DriverService.java:296)
	at org.openqa.selenium.chrome.ChromeDriverService.createDefaultService(ChromeDriverService.java:88)
	at org.openqa.selenium.chrome.ChromeDriver.<init>(ChromeDriver.java:116)
	at lib.util.Prepare.chromeDriver(Prepare.java:24)
	at test.login.CheckBoxFunctionality.beforeClass(CheckBoxFunctionality.java:33)
... Removed 25 stack frames]]>
    </failure>
  </testcase> <!-- @BeforeClass beforeClass -->
  <testcase name="@AfterClass afterClass" time="0.0" classname="test.login.CheckBoxFunctionality">
    <failure type="java.lang.NullPointerException">
      <![CDATA[java.lang.NullPointerException
	at test.login.CheckBoxFunctionality.afterClass(CheckBoxFunctionality.java:97)
... Removed 25 stack frames]]>
    </failure>
  </testcase> <!-- @AfterClass afterClass -->
  <testcase name="login" time="0.002" classname="test.login.CheckBoxFunctionality">
    <skipped/>
  </testcase> <!-- login -->
</testsuite> <!-- Default test -->
